-------------------------------------------------------------------------------
Test set: com.vytrack.runner.FailedCukesRunner
-------------------------------------------------------------------------------
Tests run: 1, Failures: 0, Errors: 1, Skipped: 0, Time elapsed: 0.104 s <<< FAILURE! - in com.vytrack.runner.FailedCukesRunner
initializationError(com.vytrack.runner.FailedCukesRunner)  Time elapsed: 0.008 s  <<< ERROR!
java.lang.IllegalArgumentException: Not a file or directory: /Users/Martiandj/Desktop/Cucumber Practice/target/rerun/txt

